This is pdfTeX, Version 3.14159265-2.6-1.40.17 (MiKTeX 2.9.6100 64-bit) (preloaded format=pdflatex 2017.4.4)  18 APR 2019 23:48
entering extended mode
**./Buch_template.tex
(Buch_template.tex
LaTeX2e <2016/03/31> patch level 3
Babel <3.9r> and hyphenation patterns for 75 language(s) loaded.
("C:\Users\Chris Djih\AppData\Roaming\MiKTeX\2.9\tex\latex\memoir\memoir.cls"
Document Class: memoir 2018/12/12 v3.7h configurable book, report, article docu
ment class
\onelineskip=\skip41
\lxvchars=\skip42
\xlvchars=\skip43
\@memcnta=\count79
\c@@memmarkcntra=\count80
\l@nohyphenation=\language75
("C:\Program Files\MiKTeX 2.9\tex\generic\oberdiek\ifpdf.sty"
Package: ifpdf 2016/05/14 v3.1 Provides the ifpdf switch
)

LaTeX Warning: You have requested, on input line 220, version
               `2017/03/15' of package ifpdf,
               but only version
               `2016/05/14 v3.1 Provides the ifpdf switch'
               is available.

("C:\Users\Chris Djih\AppData\Roaming\MiKTeX\2.9\tex\latex\ifetex\ifetex.sty"
Package: ifetex 2018/03/31 v1.2a ifetex

("C:\Users\Chris Djih\AppData\Roaming\MiKTeX\2.9\tex\plain\ifetex\ifetex.tex"))
("C:\Program Files\MiKTeX 2.9\tex\generic\ifxetex\ifxetex.sty"
Package: ifxetex 2010/09/12 v0.6 Provides ifxetex conditional
)
("C:\Program Files\MiKTeX 2.9\tex\generic\oberdiek\ifluatex.sty"
Package: ifluatex 2016/05/16 v1.4 Provides the ifluatex switch (HO)
Package ifluatex Info: LuaTeX not detected.
)
\stockheight=\skip44
\stockwidth=\skip45
\trimtop=\skip46
\trimedge=\skip47
LaTeX Font Info:    Try loading font information for T1+lmr on input line 661.

("C:\Program Files\MiKTeX 2.9\tex\latex\lm\t1lmr.fd"
File: t1lmr.fd 2009/10/30 v1.6 Font defs for Latin Modern
)
("C:\Users\Chris Djih\AppData\Roaming\MiKTeX\2.9\tex\latex\memoir\mem11.clo"
File: mem11.clo 2008/01/30 v0.3 memoir class 11pt size option
)
("C:\Program Files\MiKTeX 2.9\tex\latex\lm\lmodern.sty"
Package: lmodern 2009/10/30 v1.6 Latin Modern Fonts
LaTeX Font Info:    Overwriting symbol font `operators' in version `normal'
(Font)                  OT1/cmr/m/n --> OT1/lmr/m/n on input line 22.
LaTeX Font Info:    Overwriting symbol font `letters' in version `normal'
(Font)                  OML/cmm/m/it --> OML/lmm/m/it on input line 23.
LaTeX Font Info:    Overwriting symbol font `symbols' in version `normal'
(Font)                  OMS/cmsy/m/n --> OMS/lmsy/m/n on input line 24.
LaTeX Font Info:    Overwriting symbol font `largesymbols' in version `normal'
(Font)                  OMX/cmex/m/n --> OMX/lmex/m/n on input line 25.
LaTeX Font Info:    Overwriting symbol font `operators' in version `bold'
(Font)                  OT1/cmr/bx/n --> OT1/lmr/bx/n on input line 26.
LaTeX Font Info:    Overwriting symbol font `letters' in version `bold'
(Font)                  OML/cmm/b/it --> OML/lmm/b/it on input line 27.
LaTeX Font Info:    Overwriting symbol font `symbols' in version `bold'
(Font)                  OMS/cmsy/b/n --> OMS/lmsy/b/n on input line 28.
LaTeX Font Info:    Overwriting symbol font `largesymbols' in version `bold'
(Font)                  OMX/cmex/m/n --> OMX/lmex/m/n on input line 29.
LaTeX Font Info:    Overwriting math alphabet `\mathbf' in version `normal'
(Font)                  OT1/cmr/bx/n --> OT1/lmr/bx/n on input line 31.
LaTeX Font Info:    Overwriting math alphabet `\mathsf' in version `normal'
(Font)                  OT1/cmss/m/n --> OT1/lmss/m/n on input line 32.
LaTeX Font Info:    Overwriting math alphabet `\mathit' in version `normal'
(Font)                  OT1/cmr/m/it --> OT1/lmr/m/it on input line 33.
LaTeX Font Info:    Overwriting math alphabet `\mathtt' in version `normal'
(Font)                  OT1/cmtt/m/n --> OT1/lmtt/m/n on input line 34.
LaTeX Font Info:    Overwriting math alphabet `\mathbf' in version `bold'
(Font)                  OT1/cmr/bx/n --> OT1/lmr/bx/n on input line 35.
LaTeX Font Info:    Overwriting math alphabet `\mathsf' in version `bold'
(Font)                  OT1/cmss/bx/n --> OT1/lmss/bx/n on input line 36.
LaTeX Font Info:    Overwriting math alphabet `\mathit' in version `bold'
(Font)                  OT1/cmr/bx/it --> OT1/lmr/bx/it on input line 37.
LaTeX Font Info:    Overwriting math alphabet `\mathtt' in version `bold'
(Font)                  OT1/cmtt/m/n --> OT1/lmtt/m/n on input line 38.
)
("C:\Program Files\MiKTeX 2.9\tex\latex\base\fontenc.sty"
Package: fontenc 2016/06/19 v1.99m Standard LaTeX package

("C:\Program Files\MiKTeX 2.9\tex\latex\base\t1enc.def"
File: t1enc.def 2016/06/19 v1.99m Standard LaTeX file
LaTeX Font Info:    Redeclaring font encoding T1 on input line 48.
))
\binding=\skip48
\spinemargin=\skip49
\foremargin=\skip50
\uppermargin=\skip51
\lowermargin=\skip52
\headdrop=\skip53
\normalrulethickness=\skip54
\mem@maxheadheight=\skip55
\mem@maxfootheight=\skip56
\headwidth=\skip57
\c@storedpagenumber=\count81
\memPD=\dimen102
\m@mabparskip=\skip58
\thanksmarkwidth=\skip59
\thanksmarksep=\skip60
\droptitle=\skip61
\c@book=\count82
\c@part=\count83
\c@chapter=\count84
\c@section=\count85
\c@subsection=\count86
\c@subsubsection=\count87
\c@paragraph=\count88
\c@subparagraph=\count89
\beforechapskip=\skip62
\midchapskip=\skip63
\afterchapskip=\skip64
\chapindent=\skip65
\bottomsectionskip=\skip66
\secindent=\skip67
\beforesecskip=\skip68
\aftersecskip=\skip69
\subsecindent=\skip70
\beforesubsecskip=\skip71
\aftersubsecskip=\skip72
\subsubsecindent=\skip73
\beforesubsubsecskip=\skip74
\aftersubsubsecskip=\skip75
\paraindent=\skip76
\beforeparaskip=\skip77
\afterparaskip=\skip78
\subparaindent=\skip79
\beforesubparaskip=\skip80
\aftersubparaskip=\skip81
\pfbreakskip=\skip82
\c@@ppsavesec=\count90
\c@@ppsaveapp=\count91
\ragrparindent=\dimen103
\everylistparindent=\dimen104
\parsepi=\skip83
\topsepi=\skip84
\itemsepi=\skip85
\parsepii=\skip86
\topsepii=\skip87
\topsepiii=\skip88
\itemsepii=\skip89
\itemsepiii=\skip90
\partopsepii=\skip91
\partopsepiii=\skip92
\m@msavetopsep=\skip93
\m@msavepartopsep=\skip94
\@enLab=\toks14
\abstitleskip=\skip95
\absleftindent=\skip96
\abs@leftindent=\dimen105
\absrightindent=\skip97
\absparindent=\skip98
\absparsep=\skip99
\c@vslineno=\count92
\c@poemline=\count93
\c@modulo@vs=\count94
\c@memfvsline=\count95
\vleftskip=\skip100
\vrightskip=\skip101
\stanzaskip=\skip102
\versewidth=\skip103
\vgap=\skip104
\vindent=\skip105
\vleftmargin=\dimen106
\c@verse=\count96
\c@chrsinstr=\count97
\beforepoemtitleskip=\skip106
\afterpoemtitleskip=\skip107
\c@poem=\count98
\beforePoemTitleskip=\skip108
\midPoemTitleskip=\skip109
\afterPoemTitleskip=\skip110

("C:\Program Files\MiKTeX 2.9\tex\latex\tools\array.sty"
Package: array 2014/10/28 v2.4c Tabular extension package (FMi)
\col@sep=\dimen107
\extrarowheight=\dimen108
\NC@list=\toks15
\extratabsurround=\skip111
\backup@length=\skip112
)

LaTeX Warning: You have requested, on input line 5261, version
               `2018/04/30' of package array,
               but only version
               `2014/10/28 v2.4c Tabular extension package (FMi)'
               is available.

("C:\Program Files\MiKTeX 2.9\tex\latex\tools\dcolumn.sty"
Package: dcolumn 2014/10/28 v1.06 decimal alignment package (DPC)
)
("C:\Program Files\MiKTeX 2.9\tex\latex\tools\delarray.sty"
Package: delarray 2014/10/28 v1.01 array delimiter package (DPC)
)
("C:\Program Files\MiKTeX 2.9\tex\latex\tools\tabularx.sty"
Package: tabularx 2016/02/03 v2.11 `tabularx' package (DPC)
\TX@col@width=\dimen109
\TX@old@table=\dimen110
\TX@old@col=\dimen111
\TX@target=\dimen112
\TX@delta=\dimen113
\TX@cols=\count99
\TX@ftn=\toks16
)
\heavyrulewidth=\dimen114
\lightrulewidth=\dimen115
\cmidrulewidth=\dimen116
\belowrulesep=\dimen117
\belowbottomsep=\dimen118
\aboverulesep=\dimen119
\abovetopsep=\dimen120
\cmidrulesep=\dimen121
\cmidrulekern=\dimen122
\defaultaddspace=\dimen123
\@cmidla=\count100
\@cmidlb=\count101
\@aboverulesep=\dimen124
\@belowrulesep=\dimen125
\@thisruleclass=\count102
\@lastruleclass=\count103
\@thisrulewidth=\dimen126
\ctableftskip=\skip113
\ctabrightskip=\skip114
\abovecolumnspenalty=\count104
\@linestogo=\count105
\@cellstogo=\count106
\@cellsincolumn=\count107
\crtok=\toks17
\@mincolumnwidth=\dimen127
\c@newflo@tctr=\count108
\mem@margin@floatbox=\box26
\@contcwidth=\skip115
\@contindw=\skip116
\abovecaptionskip=\skip117
\belowcaptionskip=\skip118
\subfloattopskip=\skip119
\subfloatcapskip=\skip120
\subfloatcaptopadj=\skip121
\subfloatbottomskip=\skip122
\subfloatlabelskip=\skip123
\subfloatcapmargin=\dimen128
\c@@contsubnum=\count109
\m@mscap@capbox=\box27
\m@mscap@fbox=\box28
\sidecapsep=\dimen129
\sidecapwidth=\dimen130
\m@m@tempdima=\dimen131
\m@mscapraise=\dimen132
\sidecapraise=\dimen133
\m@mscapmainwidth=\dimen134
\m@mscaplkern=\dimen135
\beforeepigraphskip=\skip124
\afterepigraphskip=\skip125
\epigraphwidth=\skip126
\epigraphrule=\skip127
LaTeX Info: Redefining \em on input line 7592.
LaTeX Info: Redefining \emph on input line 7600.
\tocentryskip=\skip128
\tocbaseline=\skip129
\cftparskip=\skip130
\cftbeforebookskip=\skip131
\cftbookindent=\dimen136
\cftbooknumwidth=\dimen137
\cftbeforepartskip=\skip132
\cftpartindent=\skip133
\cftpartnumwidth=\skip134
\cftbeforechapterskip=\skip135
\cftchapterindent=\skip136
\cftchapternumwidth=\skip137
\cftbeforesectionskip=\skip138
\cftsectionindent=\skip139
\cftsectionnumwidth=\skip140
\cftbeforesubsectionskip=\skip141
\cftsubsectionindent=\skip142
\cftsubsectionnumwidth=\skip143
\cftbeforesubsubsectionskip=\skip144
\cftsubsubsectionindent=\skip145
\cftsubsubsectionnumwidth=\skip146
\cftbeforeparagraphskip=\skip147
\cftparagraphindent=\skip148
\cftparagraphnumwidth=\skip149
\cftbeforesubparagraphskip=\skip150
\cftsubparagraphindent=\skip151
\cftsubparagraphnumwidth=\skip152
\prechapterprecisshift=\dimen138
\c@maxsecnumdepth=\count110
\bibindent=\dimen139
\bibitemsep=\skip153
\indexcolsep=\skip154
\indexrule=\skip155
\indexmarkstyle=\toks18
\@indexbox=\insert199
\glossarycolsep=\dimen140
\glossaryrule=\dimen141
\sideparvshift=\skip156
\sideins=\insert198
\sidebartopsep=\skip157
\sidebarhsep=\skip158
\sidebarvsep=\skip159
\sidebarwidth=\skip160
\footmarkwidth=\skip161
\footmarksep=\skip162
\footparindent=\skip163
\footinsdim=\skip164
\footinsv@r=\insert197
\@mpfootinsv@r=\insert196
\m@m@k=\count111
\m@m@h=\dimen142
\m@mipn@skip=\skip165
\sidefootins=\insert195
\sidefootadjust=\skip166
\sidefootheight=\skip167
\sidefoothsep=\skip168
\sidefootvsep=\skip169
\sidefootwidth=\skip170
\m@mdownsf=\skip171
\c@sidefootnote=\count112
\sidefootmarkwidth=\skip172
\sidefootmarksep=\skip173
\sidefootparindent=\skip174
\c@pagenote=\count113
\c@pagenoteshadow=\count114
\mem@pn@lastkern=\skip175
\every@verbatim=\toks19
\afterevery@verbatim=\toks20
\verbatim@line=\toks21
\tab@position=\count115
\verbatim@in@stream=\read1
\verbatimindent=\skip176
\verbatim@out=\write3
\bvboxsep=\skip177
\c@memfbvline=\count116
\c@bvlinectr=\count117
\bvnumlength=\skip178
\fb@frw=\dimen143
\fb@frh=\dimen144
\FrameRule=\dimen145
\FrameSep=\dimen146
\c@cp@cntr=\count118
LaTeX Info: Redefining \: on input line 12114.
LaTeX Info: Redefining \! on input line 12116.
\c@ism@mctr=\count119
\c@xsm@mctr=\count120
\c@csm@mctr=\count121
\c@ksm@mctr=\count122
\c@xksm@mctr=\count123
\c@cksm@mctr=\count124
\c@msm@mctr=\count125
\c@xmsm@mctr=\count126
\c@cmsm@mctr=\count127
\c@bsm@mctr=\count128
\c@workm@mctr=\count129
\c@sheetsequence=\count130
\c@lastsheet=\count131
\c@lastpage=\count132
\c@figure=\count133
\c@lofdepth=\count134
\cftbeforefigureskip=\skip179
\cftfigureindent=\skip180
\cftfigurenumwidth=\skip181
\c@table=\count135
\c@lotdepth=\count136
\cftbeforetableskip=\skip182
\cfttableindent=\skip183
\cfttablenumwidth=\skip184
Package abstract [2008/07/23] emulated by memoir.
Package appendix [2008/07/23] emulated by memoir.
Package booktabs [2016/05/16] emulated by memoir.
Package ccaption [2008/07/23] emulated by memoir.
Package changepage [2008/07/23] emulated by memoir.
Package chngcntr [2008/07/23] emulated by memoir.
Package chngpage [2008/07/23] emulated by memoir.
Package crop emulated by memoir.
Package enumerate [2008/07/23] emulated by memoir.
Package epigraph [2008/07/23] emulated by memoir.
Package ifmtarg [2008/07/23] emulated by memoir.
Package index [2008/07/23] emulated by memoir.
Package makeidx [2008/07/23] emulated by memoir.
Package moreverb [2008/07/23] emulated by memoir.
Package mparhack [2008/07/23] emulated by memoir.
Package needspace [2008/07/23] emulated by memoir.
Package newfile [2008/07/23] emulated by memoir.
Package nextpage [2008/07/23] emulated by memoir.
Package pagenote [2008/07/23] emulated by memoir.
Package parskip [2008/07/23] emulated by memoir.
Package patchcmd [2008/07/23] emulated by memoir.
Package setspace [2008/07/23] emulated by memoir.
Package shortvrb [2008/07/23] emulated by memoir.
Package showidx [2008/07/23] emulated by memoir.
Package titleref [2008/07/23] emulated by memoir.
Package titling [2008/07/23] emulated by memoir.
Package tocbibind [2008/07/23] emulated by memoir.
Package tocloft [2008/07/23] emulated by memoir.
Package tocvsec2 [2008/07/23] emulated by memoir.
Package verbatim [2008/07/23] emulated by memoir.
Package verse [2008/07/23] emulated by memoir.
)
("C:\Program Files\MiKTeX 2.9\tex\latex\base\inputenc.sty"
Package: inputenc 2015/03/17 v1.2c Input encoding file
\inpenc@prehook=\toks22
\inpenc@posthook=\toks23

("C:\Users\Chris Djih\AppData\Roaming\MiKTeX\2.9\tex\latex\ucs\utf8x.def"
File: utf8x.def 2004/10/17 UCS: Input encoding UTF-8
))
("C:\Users\Chris Djih\AppData\Roaming\MiKTeX\2.9\tex\latex\ucs\ucs.sty"
Package: ucs 2013/05/11 v2.2 UCS: Unicode input support

("C:\Users\Chris Djih\AppData\Roaming\MiKTeX\2.9\tex\latex\ucs\uni-global.def"
File: uni-global.def 2013/05/13 UCS: Unicode global data
)
\uc@secondtry=\count137
\uc@combtoks=\toks24
\uc@combtoksb=\toks25
\uc@temptokena=\toks26
) ("C:\Program Files\MiKTeX 2.9\tex\latex\base\fontenc.sty"
Package: fontenc 2016/06/19 v1.99m Standard LaTeX package

("C:\Program Files\MiKTeX 2.9\tex\latex\base\t1enc.def"
File: t1enc.def 2016/06/19 v1.99m Standard LaTeX file
LaTeX Font Info:    Redeclaring font encoding T1 on input line 48.
))
("C:\Users\Chris Djih\AppData\Roaming\MiKTeX\2.9\tex\latex\alegreya\Alegreya.st
y"
Package: Alegreya 2018/08/02 (Bob Tennent) Supports Alegreya and AlegreyaSC fon
ts for all LaTeX engines. 
 ("C:\Program Files\MiKTeX 2.9\tex\latex\base\textcomp.sty"
Package: textcomp 2016/06/19 v1.99m Standard LaTeX package
Package textcomp Info: Sub-encoding information:
(textcomp)               5 = only ISO-Adobe without \textcurrency
(textcomp)               4 = 5 + \texteuro
(textcomp)               3 = 4 + \textohm
(textcomp)               2 = 3 + \textestimated + \textcurrency
(textcomp)               1 = TS1 - \textcircled - \t
(textcomp)               0 = TS1 (full)
(textcomp)             Font families with sub-encoding setting implement
(textcomp)             only a restricted character set as indicated.
(textcomp)             Family '?' is the default used for unknown fonts.
(textcomp)             See the documentation for details.
Package textcomp Info: Setting ? sub-encoding to TS1/1 on input line 79.

("C:\Program Files\MiKTeX 2.9\tex\latex\base\ts1enc.def"
File: ts1enc.def 2001/06/05 v3.0e (jk/car/fm) Standard LaTeX file
)
LaTeX Info: Redefining \oldstylenums on input line 334.
Package textcomp Info: Setting cmr sub-encoding to TS1/0 on input line 349.
Package textcomp Info: Setting cmss sub-encoding to TS1/0 on input line 350.
Package textcomp Info: Setting cmtt sub-encoding to TS1/0 on input line 351.
Package textcomp Info: Setting cmvtt sub-encoding to TS1/0 on input line 352.
Package textcomp Info: Setting cmbr sub-encoding to TS1/0 on input line 353.
Package textcomp Info: Setting cmtl sub-encoding to TS1/0 on input line 354.
Package textcomp Info: Setting ccr sub-encoding to TS1/0 on input line 355.
Package textcomp Info: Setting ptm sub-encoding to TS1/4 on input line 356.
Package textcomp Info: Setting pcr sub-encoding to TS1/4 on input line 357.
Package textcomp Info: Setting phv sub-encoding to TS1/4 on input line 358.
Package textcomp Info: Setting ppl sub-encoding to TS1/3 on input line 359.
Package textcomp Info: Setting pag sub-encoding to TS1/4 on input line 360.
Package textcomp Info: Setting pbk sub-encoding to TS1/4 on input line 361.
Package textcomp Info: Setting pnc sub-encoding to TS1/4 on input line 362.
Package textcomp Info: Setting pzc sub-encoding to TS1/4 on input line 363.
Package textcomp Info: Setting bch sub-encoding to TS1/4 on input line 364.
Package textcomp Info: Setting put sub-encoding to TS1/5 on input line 365.
Package textcomp Info: Setting uag sub-encoding to TS1/5 on input line 366.
Package textcomp Info: Setting ugq sub-encoding to TS1/5 on input line 367.
Package textcomp Info: Setting ul8 sub-encoding to TS1/4 on input line 368.
Package textcomp Info: Setting ul9 sub-encoding to TS1/4 on input line 369.
Package textcomp Info: Setting augie sub-encoding to TS1/5 on input line 370.
Package textcomp Info: Setting dayrom sub-encoding to TS1/3 on input line 371.
Package textcomp Info: Setting dayroms sub-encoding to TS1/3 on input line 372.

Package textcomp Info: Setting pxr sub-encoding to TS1/0 on input line 373.
Package textcomp Info: Setting pxss sub-encoding to TS1/0 on input line 374.
Package textcomp Info: Setting pxtt sub-encoding to TS1/0 on input line 375.
Package textcomp Info: Setting txr sub-encoding to TS1/0 on input line 376.
Package textcomp Info: Setting txss sub-encoding to TS1/0 on input line 377.
Package textcomp Info: Setting txtt sub-encoding to TS1/0 on input line 378.
Package textcomp Info: Setting lmr sub-encoding to TS1/0 on input line 379.
Package textcomp Info: Setting lmdh sub-encoding to TS1/0 on input line 380.
Package textcomp Info: Setting lmss sub-encoding to TS1/0 on input line 381.
Package textcomp Info: Setting lmssq sub-encoding to TS1/0 on input line 382.
Package textcomp Info: Setting lmvtt sub-encoding to TS1/0 on input line 383.
Package textcomp Info: Setting lmtt sub-encoding to TS1/0 on input line 384.
Package textcomp Info: Setting qhv sub-encoding to TS1/0 on input line 385.
Package textcomp Info: Setting qag sub-encoding to TS1/0 on input line 386.
Package textcomp Info: Setting qbk sub-encoding to TS1/0 on input line 387.
Package textcomp Info: Setting qcr sub-encoding to TS1/0 on input line 388.
Package textcomp Info: Setting qcs sub-encoding to TS1/0 on input line 389.
Package textcomp Info: Setting qpl sub-encoding to TS1/0 on input line 390.
Package textcomp Info: Setting qtm sub-encoding to TS1/0 on input line 391.
Package textcomp Info: Setting qzc sub-encoding to TS1/0 on input line 392.
Package textcomp Info: Setting qhvc sub-encoding to TS1/0 on input line 393.
Package textcomp Info: Setting futs sub-encoding to TS1/4 on input line 394.
Package textcomp Info: Setting futx sub-encoding to TS1/4 on input line 395.
Package textcomp Info: Setting futj sub-encoding to TS1/4 on input line 396.
Package textcomp Info: Setting hlh sub-encoding to TS1/3 on input line 397.
Package textcomp Info: Setting hls sub-encoding to TS1/3 on input line 398.
Package textcomp Info: Setting hlst sub-encoding to TS1/3 on input line 399.
Package textcomp Info: Setting hlct sub-encoding to TS1/5 on input line 400.
Package textcomp Info: Setting hlx sub-encoding to TS1/5 on input line 401.
Package textcomp Info: Setting hlce sub-encoding to TS1/5 on input line 402.
Package textcomp Info: Setting hlcn sub-encoding to TS1/5 on input line 403.
Package textcomp Info: Setting hlcw sub-encoding to TS1/5 on input line 404.
Package textcomp Info: Setting hlcf sub-encoding to TS1/5 on input line 405.
Package textcomp Info: Setting pplx sub-encoding to TS1/3 on input line 406.
Package textcomp Info: Setting pplj sub-encoding to TS1/3 on input line 407.
Package textcomp Info: Setting ptmx sub-encoding to TS1/4 on input line 408.
Package textcomp Info: Setting ptmj sub-encoding to TS1/4 on input line 409.
)
("C:\Program Files\MiKTeX 2.9\tex\latex\xkeyval\xkeyval.sty"
Package: xkeyval 2014/12/03 v2.7a package option processing (HA)

("C:\Program Files\MiKTeX 2.9\tex\generic\xkeyval\xkeyval.tex"
("C:\Program Files\MiKTeX 2.9\tex\generic\xkeyval\xkvutils.tex"
\XKV@toks=\toks27
\XKV@tempa@toks=\toks28

("C:\Program Files\MiKTeX 2.9\tex\generic\xkeyval\keyval.tex"))
\XKV@depth=\count138
File: xkeyval.tex 2014/12/03 v2.7a key=value parser (HA)
))
("C:\Program Files\MiKTeX 2.9\tex\latex\base\fontenc.sty"
Package: fontenc 2016/06/19 v1.99m Standard LaTeX package
)
("C:\Users\Chris Djih\AppData\Roaming\MiKTeX\2.9\tex\latex\fontaxes\fontaxes.st
y"
Package: fontaxes 2014/03/23 v1.0d Font selection axes
LaTeX Info: Redefining \upshape on input line 29.
LaTeX Info: Redefining \itshape on input line 31.
LaTeX Info: Redefining \slshape on input line 33.
LaTeX Info: Redefining \scshape on input line 37.
)
("C:\Users\Chris Djih\AppData\Roaming\MiKTeX\2.9\tex\latex\mweights\mweights.st
y"
Package: mweights 2017/03/30 (Bob Tennent) Support package for multiple-weight 
font packages. 
LaTeX Info: Redefining \bfseries on input line 22.
LaTeX Info: Redefining \mdseries on input line 30.
LaTeX Info: Redefining \rmfamily on input line 38.
LaTeX Info: Redefining \sffamily on input line 66.
LaTeX Info: Redefining \ttfamily on input line 94.
))
("C:\Users\Chris Djih\AppData\Roaming\MiKTeX\2.9\tex\latex\alegreya\AlegreyaSan
s.sty"
Package: AlegreyaSans 2019/03/07 (Bob Tennent) Supports AlegreyaSans fonts for 
all LaTeX engines. 
 ("C:\Program Files\MiKTeX 2.9\tex\latex\base\fontenc.sty"
Package: fontenc 2016/06/19 v1.99m Standard LaTeX package
)
LaTeX Info: Redefining \textsu on input line 302.
LaTeX Info: Redefining \textin on input line 303.
)
("C:\Users\Chris Djih\AppData\Roaming\MiKTeX\2.9\tex\latex\microtype\microtype.
sty"
Package: microtype 2017/07/07 v2.7 Micro-typographical refinements (RS)
\MT@toks=\toks29
\MT@count=\count139
LaTeX Info: Redefining \textls on input line 789.
\MT@outer@kern=\dimen147
LaTeX Info: Redefining \textmicrotypecontext on input line 1334.
\MT@listname@count=\count140

("C:\Users\Chris Djih\AppData\Roaming\MiKTeX\2.9\tex\latex\microtype\microtype-
pdftex.def"
File: microtype-pdftex.def 2017/07/07 v2.7 Definitions specific to pdftex (RS)
LaTeX Info: Redefining \lsstyle on input line 912.
LaTeX Info: Redefining \lslig on input line 912.
\MT@outer@space=\skip185
)
Package microtype Info: Loading configuration file microtype.cfg.

("C:\Users\Chris Djih\AppData\Roaming\MiKTeX\2.9\tex\latex\microtype\microtype.
cfg"
File: microtype.cfg 2017/07/07 v2.7 microtype main configuration file (RS)
))
("C:\Users\Chris Djih\AppData\Roaming\MiKTeX\2.9\tex\latex\titlesec\titlesec.st
y"
Package: titlesec 2016/03/21 v2.10.2 Sectioning titles
\ttl@box=\box29
\beforetitleunit=\skip186
\aftertitleunit=\skip187
\ttl@plus=\dimen148
\ttl@minus=\dimen149
\ttl@toksa=\toks30
\titlewidth=\dimen150
\titlewidthlast=\dimen151
\titlewidthfirst=\dimen152
) ("C:\Users\Chris Djih\AppData\Roaming\MiKTeX\2.9\tex\latex\lipsum\lipsum.sty"
Package: lipsum 2014/07/27 v1.3 150 paragraphs of Lorem Ipsum dummy text
\c@lips@count=\count141
) ("C:\Program Files\MiKTeX 2.9\tex\latex\tools\calc.sty"
Package: calc 2014/10/28 v4.3 Infix arithmetic (KKT,FJ)
\calc@Acount=\count142
\calc@Bcount=\count143
\calc@Adimen=\dimen153
\calc@Bdimen=\dimen154
\calc@Askip=\skip188
\calc@Bskip=\skip189
LaTeX Info: Redefining \setlength on input line 80.
LaTeX Info: Redefining \addtolength on input line 81.
\calc@Ccount=\count144
\calc@Cskip=\skip190
)
("C:\Program Files\MiKTeX 2.9\tex\generic\oberdiek\hologo.sty"
Package: hologo 2016/05/16 v1.12 A logo collection with bookmark support (HO)

("C:\Program Files\MiKTeX 2.9\tex\generic\oberdiek\ltxcmds.sty"
Package: ltxcmds 2016/05/16 v1.23 LaTeX kernel commands for general use (HO)
)
("C:\Program Files\MiKTeX 2.9\tex\generic\oberdiek\infwarerr.sty"
Package: infwarerr 2016/05/16 v1.4 Providing info/warning/error messages (HO)
)
("C:\Program Files\MiKTeX 2.9\tex\generic\oberdiek\kvsetkeys.sty"
Package: kvsetkeys 2016/05/16 v1.17 Key value parser (HO)

("C:\Program Files\MiKTeX 2.9\tex\generic\oberdiek\etexcmds.sty"
Package: etexcmds 2016/05/16 v1.6 Avoid name clashes with e-TeX commands (HO)
Package etexcmds Info: Could not find \expanded.
(etexcmds)             That can mean that you are not using pdfTeX 1.50 or
(etexcmds)             that some package has redefined \expanded.
(etexcmds)             In the latter case, load this package earlier.
))
("C:\Program Files\MiKTeX 2.9\tex\generic\oberdiek\kvdefinekeys.sty"
Package: kvdefinekeys 2016/05/16 v1.4 Define keys (HO)
)
("C:\Program Files\MiKTeX 2.9\tex\generic\oberdiek\pdftexcmds.sty"
Package: pdftexcmds 2016/05/21 v0.22 Utility functions of pdfTeX for LuaTeX (HO
)
Package pdftexcmds Info: LuaTeX not detected.
Package pdftexcmds Info: \pdf@primitive is available.
Package pdftexcmds Info: \pdf@ifprimitive is available.
Package pdftexcmds Info: \pdfdraftmode found.
)
("C:\Program Files\MiKTeX 2.9\tex\generic\oberdiek\ifvtex.sty"
Package: ifvtex 2016/05/16 v1.6 Detect VTeX and its facilities (HO)
Package ifvtex Info: VTeX not detected.
)
("C:\Program Files\MiKTeX 2.9\tex\latex\oberdiek\kvoptions.sty"
Package: kvoptions 2016/05/16 v3.12 Key value format for package options (HO)
)
Package hologo Info: Using driver `pdftex'.
)
("C:\Program Files\MiKTeX 2.9\tex\latex\hyperref\hyperref.sty"
Package: hyperref 2016/06/24 v6.83q Hypertext links for LaTeX

("C:\Program Files\MiKTeX 2.9\tex\generic\oberdiek\hobsub-hyperref.sty"
Package: hobsub-hyperref 2016/05/16 v1.14 Bundle oberdiek, subset hyperref (HO)


("C:\Program Files\MiKTeX 2.9\tex\generic\oberdiek\hobsub-generic.sty"
Package: hobsub-generic 2016/05/16 v1.14 Bundle oberdiek, subset generic (HO)
Package: hobsub 2016/05/16 v1.14 Construct package bundles (HO)
Package hobsub Info: Skipping package `infwarerr' (already loaded).
Package hobsub Info: Skipping package `ltxcmds' (already loaded).
Package hobsub Info: Skipping package `ifluatex' (already loaded).
Package hobsub Info: Skipping package `ifvtex' (already loaded).
Package: intcalc 2016/05/16 v1.2 Expandable calculations with integers (HO)
Package hobsub Info: Skipping package `ifpdf' (already loaded).
Package hobsub Info: Skipping package `etexcmds' (already loaded).
Package hobsub Info: Skipping package `kvsetkeys' (already loaded).
Package hobsub Info: Skipping package `kvdefinekeys' (already loaded).
Package hobsub Info: Skipping package `pdftexcmds' (already loaded).
Package: pdfescape 2016/05/16 v1.14 Implements pdfTeX's escape features (HO)
Package: bigintcalc 2016/05/16 v1.4 Expandable calculations on big integers (HO
)
Package: bitset 2016/05/16 v1.2 Handle bit-vector datatype (HO)
Package: uniquecounter 2016/05/16 v1.3 Provide unlimited unique counter (HO)
)
Package hobsub Info: Skipping package `hobsub' (already loaded).
Package: letltxmacro 2016/05/16 v1.5 Let assignment for LaTeX macros (HO)
Package: hopatch 2016/05/16 v1.3 Wrapper for package hooks (HO)
Package: xcolor-patch 2016/05/16 xcolor patch
Package: atveryend 2016/05/16 v1.9 Hooks at the very end of document (HO)
Package atveryend Info: \enddocument detected (standard20110627).
Package: atbegshi 2016/06/09 v1.18 At begin shipout hook (HO)
Package: refcount 2016/05/16 v3.5 Data extraction from label references (HO)
Package: hycolor 2016/05/16 v1.8 Color options for hyperref/bookmark (HO)
)
("C:\Program Files\MiKTeX 2.9\tex\latex\oberdiek\auxhook.sty"
Package: auxhook 2016/05/16 v1.4 Hooks for auxiliary files (HO)
)
\@linkdim=\dimen155
\Hy@linkcounter=\count145
\Hy@pagecounter=\count146

("C:\Program Files\MiKTeX 2.9\tex\latex\hyperref\pd1enc.def"
File: pd1enc.def 2016/06/24 v6.83q Hyperref: PDFDocEncoding definition (HO)
)
\Hy@SavedSpaceFactor=\count147

("C:\Program Files\MiKTeX 2.9\tex\latex\00miktex\hyperref.cfg"
File: hyperref.cfg 2002/06/06 v1.2 hyperref configuration of TeXLive
)
Package hyperref Info: Hyper figures OFF on input line 4486.
Package hyperref Info: Link nesting OFF on input line 4491.
Package hyperref Info: Hyper index ON on input line 4494.
Package hyperref Info: Plain pages OFF on input line 4501.
Package hyperref Info: Backreferencing OFF on input line 4506.
Package hyperref Info: Implicit mode ON; LaTeX internals redefined.
Package hyperref Info: Bookmarks ON on input line 4735.
\c@Hy@tempcnt=\count148

("C:\Users\Chris Djih\AppData\Roaming\MiKTeX\2.9\tex\latex\url\url.sty"
\Urlmuskip=\muskip10
Package: url 2013/09/16  ver 3.4  Verb mode for urls, etc.
)
LaTeX Info: Redefining \url on input line 5088.
\XeTeXLinkMargin=\dimen156
\Fld@menulength=\count149
\Field@Width=\dimen157
\Fld@charsize=\dimen158
Package hyperref Info: Hyper figures OFF on input line 6342.
Package hyperref Info: Link nesting OFF on input line 6347.
Package hyperref Info: Hyper index ON on input line 6350.
Package hyperref Info: backreferencing OFF on input line 6357.
Package hyperref Info: Link coloring OFF on input line 6362.
Package hyperref Info: Link coloring with OCG OFF on input line 6367.
Package hyperref Info: PDF/A mode OFF on input line 6372.
LaTeX Info: Redefining \ref on input line 6412.
LaTeX Info: Redefining \pageref on input line 6416.
\Hy@abspage=\count150
\c@Item=\count151
\c@Hfootnote=\count152
)
("C:\Users\Chris Djih\AppData\Roaming\MiKTeX\2.9\tex\latex\memoir\memhfixc.sty"
Package: memhfixc 2013/05/30 v1.17 nameref/hyperref package fixes for memoir cl
ass
\c@memhycontfloat=\count153
\c@Hpagenote=\count154
)

Package hyperref Message: Driver (autodetected): hpdftex.

("C:\Program Files\MiKTeX 2.9\tex\latex\hyperref\hpdftex.def"
File: hpdftex.def 2016/06/24 v6.83q Hyperref driver for pdfTeX
\Fld@listcount=\count155
\c@bookmark@seq@number=\count156

("C:\Program Files\MiKTeX 2.9\tex\latex\oberdiek\rerunfilecheck.sty"
Package: rerunfilecheck 2016/05/16 v1.8 Rerun checks for auxiliary files (HO)
Package uniquecounter Info: New unique counter `rerunfilecheck' on input line 2
82.
)
\Hy@SectionHShift=\skip191
)
\drop=\skip192


******************************************************
Stock height and width: 614.295pt by 410.13246pt
Top and edge trims: 0pt and 0pt
Page height and width: 614.295pt by 397.48499pt
Text height and width: 459.8002pt by 252pt
Spine and edge margins: 56.80388pt and 88.31393pt
Upper and lower margins: 52.17894pt and 102.31586pt
Headheight and headsep: 13.6pt and 11.56346pt
Footskip: 27.46295pt
Columnsep and columnseprule: 10pt and 0pt
Marginparsep and marginparwidth: 7pt and 74.31393pt
Sidecapsep and sidecapwidth: 7pt and 51pt
Sidebarhsep and sidebarwidth: 7pt and 51pt
Sidebarvsep and sidebartopsep: 13.6pt and 0pt
Sidebarheight: 363.12012pt
Sidefoothsep and sidefootwidth: 7pt and 51pt
Sidefootvsep and sidefootheight: 13.6pt and 363.12012pt
******************************************************


Class memoir Warning: As of 2018, \fixpdflayout\ is no longer used on input lin
e 126.

(Buch_template.aux)
\openout1 = `Buch_template.aux'.

LaTeX Font Info:    Checking defaults for OML/cmm/m/it on input line 129.
LaTeX Font Info:    ... okay on input line 129.
LaTeX Font Info:    Checking defaults for T1/cmr/m/n on input line 129.
LaTeX Font Info:    ... okay on input line 129.
LaTeX Font Info:    Checking defaults for OT1/cmr/m/n on input line 129.
LaTeX Font Info:    ... okay on input line 129.
LaTeX Font Info:    Checking defaults for OMS/cmsy/m/n on input line 129.
LaTeX Font Info:    ... okay on input line 129.
LaTeX Font Info:    Checking defaults for OMX/cmex/m/n on input line 129.
LaTeX Font Info:    ... okay on input line 129.
LaTeX Font Info:    Checking defaults for U/cmr/m/n on input line 129.
LaTeX Font Info:    ... okay on input line 129.
LaTeX Font Info:    Checking defaults for TS1/cmr/m/n on input line 129.
LaTeX Font Info:    Try loading font information for TS1+cmr on input line 129.

 ("C:\Program Files\MiKTeX 2.9\tex\latex\base\ts1cmr.fd"
File: ts1cmr.fd 2014/09/29 v2.5h Standard LaTeX font definitions
)
LaTeX Font Info:    ... okay on input line 129.
LaTeX Font Info:    Checking defaults for PD1/pdf/m/n on input line 129.
LaTeX Font Info:    ... okay on input line 129.
LaTeX Font Info:    Try loading font information for T1+Alegreya-OsF on input l
ine 129.

("C:\Users\Chris Djih\AppData\Roaming\MiKTeX\2.9\tex\latex\alegreya\t1alegreya-
osf.fd"
File: T1Alegreya-OsF.fd 2018/08/02 (autoinst) Font definitions for T1/Alegreya-
OsF.
)
LaTeX Font Info:    Font shape `T1/Alegreya-OsF/m/n' will be
(Font)              scaled to size 10.95pt on input line 129.

("C:\Users\Chris Djih\AppData\Roaming\MiKTeX\2.9\tex\latex\ucs\ucsencs.def"
File: ucsencs.def 2011/01/21 Fixes to fontencodings LGR, T3
)
\c@mv@tabular=\count157
\c@mv@boldtabular=\count158
LaTeX Info: Redefining \microtypecontext on input line 129.
Package microtype Info: Generating PDF output.
Package microtype Info: Character protrusion enabled (level 2).
Package microtype Info: Using default protrusion set `alltext'.
Package microtype Info: Automatic font expansion enabled (level 2),
(microtype)             stretch: 20, shrink: 20, step: 1, non-selected.
Package microtype Info: Using default expansion set `basictext'.
Package microtype Info: No adjustment of tracking.
Package microtype Info: No adjustment of interword spacing.
Package microtype Info: No adjustment of character kerning.
Package microtype Info: Loading generic protrusion settings for font family
(microtype)             `Alegreya-OsF' (encoding: T1).
(microtype)             For optimal results, create family-specific settings.
(microtype)             See the microtype manual for details.
\AtBeginShipoutBox=\box30
Package hyperref Info: Link coloring OFF on input line 129.

("C:\Program Files\MiKTeX 2.9\tex\latex\hyperref\nameref.sty"
Package: nameref 2016/05/21 v2.44 Cross-referencing by name of section

("C:\Program Files\MiKTeX 2.9\tex\generic\oberdiek\gettitlestring.sty"
Package: gettitlestring 2016/05/16 v1.5 Cleanup title references (HO)
)
\c@section@level=\count159
)
Redoing nameref's sectioning
Redoing nameref's label
LaTeX Info: Redefining \nameref on input line 129.
LaTeX Info: Redefining \ref on input line 129.
LaTeX Info: Redefining \pageref on input line 129.
LaTeX Info: Redefining \nameref on input line 129.
(Buch_template.out) (Buch_template.out)
\@outlinefile=\write4
\openout4 = `Buch_template.out'.

LaTeX Font Info:    Font shape `T1/Alegreya-OsF/m/n' will be
(Font)              scaled to size 14.4pt on input line 132.
LaTeX Font Info:    Font shape `T1/Alegreya-OsF/m/sc' will be
(Font)              scaled to size 14.4pt on input line 132.
 [1

{C:/Users/Chris Djih/AppData/Local/MiKTeX/2.9/pdftex/config/pdftex.map}] [2

]
LaTeX Font Info:    Font shape `T1/Alegreya-OsF/m/n' will be
(Font)              scaled to size 30.0pt on input line 135.
LaTeX Font Info:    Font shape `T1/Alegreya-OsF/m/sc' will be
(Font)              scaled to size 30.0pt on input line 135.
LaTeX Font Info:    Font shape `T1/Alegreya-OsF/m/it' will be
(Font)              scaled to size 14.4pt on input line 135.
 [3]
LaTeX Font Info:    Font shape `T1/Alegreya-OsF/m/n' will be
(Font)              scaled to size 10.0pt on input line 138.
LaTeX Font Info:    Try loading font information for TS1+Alegreya-OsF on input 
line 138.

("C:\Users\Chris Djih\AppData\Roaming\MiKTeX\2.9\tex\latex\alegreya\ts1alegreya
-osf.fd"
File: TS1Alegreya-OsF.fd 2018/08/02 (autoinst) Font definitions for TS1/Alegrey
a-OsF.
)
LaTeX Font Info:    Font shape `TS1/Alegreya-OsF/m/n' will be
(Font)              scaled to size 10.0pt on input line 138.
Package microtype Info: Loading generic protrusion settings for font family
(microtype)             `Alegreya-OsF' (encoding: TS1).
(microtype)             For optimal results, create family-specific settings.
(microtype)             See the microtype manual for details.
 [4

]
LaTeX Font Info:    Font shape `T1/Alegreya-OsF/m/it' will be
(Font)              scaled to size 10.95pt on input line 143.

("C:\Users\Chris Djih\AppData\Roaming\MiKTeX\2.9\tex\latex\microtype\mt-cmr.cfg
"
File: mt-cmr.cfg 2013/05/19 v2.2 microtype config. file: Computer Modern Roman 
(RS)
)
LaTeX Font Info:    Try loading font information for OT1+lmr on input line 143.

 ("C:\Program Files\MiKTeX 2.9\tex\latex\lm\ot1lmr.fd"
File: ot1lmr.fd 2009/10/30 v1.6 Font defs for Latin Modern
)
LaTeX Font Info:    Try loading font information for OML+lmm on input line 143.


("C:\Program Files\MiKTeX 2.9\tex\latex\lm\omllmm.fd"
File: omllmm.fd 2009/10/30 v1.6 Font defs for Latin Modern
)
LaTeX Font Info:    Try loading font information for OMS+lmsy on input line 143
.

("C:\Program Files\MiKTeX 2.9\tex\latex\lm\omslmsy.fd"
File: omslmsy.fd 2009/10/30 v1.6 Font defs for Latin Modern
)
LaTeX Font Info:    Try loading font information for OMX+lmex on input line 143
.

("C:\Program Files\MiKTeX 2.9\tex\latex\lm\omxlmex.fd"
File: omxlmex.fd 2009/10/30 v1.6 Font defs for Latin Modern
)
LaTeX Font Info:    External font `lmex10' loaded for size
(Font)              <10.95> on input line 143.
LaTeX Font Info:    External font `lmex10' loaded for size
(Font)              <8> on input line 143.
LaTeX Font Info:    External font `lmex10' loaded for size
(Font)              <6> on input line 143.
 [5

] [6

]
LaTeX Font Info:    Font shape `T1/Alegreya-OsF/m/sc' will be
(Font)              scaled to size 10.95pt on input line 152.
LaTeX Font Info:    Font shape `T1/Alegreya-OsF/m/sc' will be
(Font)              scaled to size 20.74pt on input line 152.

Underfull \vbox (badness 10000) has occurred while \output is active []

 [1

]
Overfull \hbox (4.81328pt too wide) in paragraph at lines 153--153
[]\T1/Alegreya-OsF/m/n/10.95 (-20) Curabitur ul-lam-cor-per est in mau-ris. Pra
e-sent ac massa.
 []

LaTeX Font Info:    Try loading font information for T1+AlegreyaSans-OsF on inp
ut line 155.

("C:\Users\Chris Djih\AppData\Roaming\MiKTeX\2.9\tex\latex\alegreya\t1alegreyas
ans-osf.fd"
File: T1AlegreyaSans-OsF.fd 2018/08/02 (autoinst) Font definitions for T1/Alegr
eyaSans-OsF.
)
LaTeX Font Info:    Font shape `T1/AlegreyaSans-OsF/m/n' will be
(Font)              scaled to size 10.95pt on input line 155.
Package microtype Info: Loading generic protrusion settings for font family
(microtype)             `AlegreyaSans-OsF' (encoding: T1).
(microtype)             For optimal results, create family-specific settings.
(microtype)             See the microtype manual for details.
LaTeX Font Info:    Font shape `T1/AlegreyaSans-OsF/m/n' will be
(Font)              scaled to size 8.0pt on input line 155.
LaTeX Font Info:    Font shape `T1/AlegreyaSans-OsF/m/sc' will be
(Font)              scaled to size 8.0pt on input line 155.
 [2]
Overfull \hbox (5.45721pt too wide) in paragraph at lines 156--156
\T1/Alegreya-OsF/m/n/10.95 (-20) non-ummy eget, con-sectetuer id, vulpu-tate a,
 magna. Donec
 []


Underfull \vbox (badness 10000) has occurred while \output is active []

 [3

]
Overfull \hbox (9.65607pt too wide) in paragraph at lines 156--156
[]\T1/Alegreya-OsF/m/n/10.95 (-20) Nulla male-suada port-ti-tor diam. Donec fe-
lis erat, congue
 []


Overfull \hbox (5.2025pt too wide) in paragraph at lines 156--156
\T1/Alegreya-OsF/m/n/10.95 (-20) non, vo-lut-pat at, tin-cidunt tris-tique, lib
ero. Vi-va-mus viverra
 []


Overfull \hbox (10.9123pt too wide) in paragraph at lines 156--156
\T1/Alegreya-OsF/m/n/10.95 (-20) fer-men-tum fe-lis. Donec non-ummy pel-len-tes
que ante. Phasel-
 []


Overfull \hbox (2.2007pt too wide) in paragraph at lines 156--156
\T1/Alegreya-OsF/m/n/10.95 (-20) In-te-ger non enim. Prae-sent eu-is-mod nunc e
u pu-rus. Donec
 []


Overfull \hbox (1.53745pt too wide) in paragraph at lines 156--156
[]\T1/Alegreya-OsF/m/n/10.95 (-20) Quisque ul-lam-cor-per plac-erat ip-sum. Cra
s nibh. Morbi
 []


Underfull \vbox (badness 10000) has occurred while \output is active []

 [4]
Overfull \hbox (3.87819pt too wide) in paragraph at lines 156--156
\T1/Alegreya-OsF/m/n/10.95 (-20) torquent per conu-bia nos-tra, per in-cep-tos 
hy-menaeos. Prae-
 []


Underfull \vbox (badness 10000) has occurred while \output is active []

 [5]
Overfull \hbox (1.356pt too wide) in paragraph at lines 156--156
\T1/Alegreya-OsF/m/n/10.95 (-20) plac-erat odio, nec com-modo wisi enim eget qu
am. Quisque
 []

[6]
LaTeX Font Info:    Font shape `T1/Alegreya-OsF/m/n' will be
(Font)              scaled to size 24.88pt on input line 159.
LaTeX Font Info:    Font shape `T1/Alegreya-OsF/m/sc' will be
(Font)              scaled to size 24.88pt on input line 159.
 (Buch_template.toc
LaTeX Font Info:    Font shape `T1/Alegreya-OsF/b/n' will be
(Font)              scaled to size 10.95pt on input line 1.
) [7

] [8

] (chapter/Chapter_1.tex)pdfTeX warning (ext4): destination with the same ident
ifier (name{page.1}) has been already used, duplicate ignored
<to be read again> 
                   \relax 
l.165 \chapter
              {Chapter Two} [1

]pdfTeX warning (ext4): destination with the same identifier (name{page.2}) has
 been already used, duplicate ignored
<to be read again> 
                   \relax 
l.165 \chapter
              {Chapter Two} [2

]
Underfull \vbox (badness 10000) has occurred while \output is active []

pdfTeX warning (ext4): destination with the same identifier (name{page.3}) has 
been already used, duplicate ignored
<to be read again> 
                   \relax 
l.166 \lipsum[21-40]
                     [3]
Underfull \vbox (badness 10000) has occurred while \output is active []

pdfTeX warning (ext4): destination with the same identifier (name{page.4}) has 
been already used, duplicate ignored
<to be read again> 
                   \relax 
l.166 \lipsum[21-40]
                     [4]
Underfull \vbox (badness 10000) has occurred while \output is active []

pdfTeX warning (ext4): destination with the same identifier (name{page.5}) has 
been already used, duplicate ignored
<to be read again> 
                   \relax 
l.166 \lipsum[21-40]
                     [5]
Underfull \vbox (badness 10000) has occurred while \output is active []

pdfTeX warning (ext4): destination with the same identifier (name{page.6}) has 
been already used, duplicate ignored
<to be read again> 
                   \relax 
l.166 \lipsum[21-40]
                     [6]
Overfull \hbox (1.8735pt too wide) in paragraph at lines 166--166
\T1/Alegreya-OsF/m/n/10.95 (-20) Nul-lam id wisi a libero tris-tique sem-per. N
ul-lam nisl massa,
 []


Overfull \hbox (9.49356pt too wide) in paragraph at lines 166--166
\T1/Alegreya-OsF/m/n/10.95 (-20) In-te-ger me-tus. Morbi pul-v-inar pel-len-tes
que mi. Sus-pendisse
 []


Underfull \vbox (badness 10000) has occurred while \output is active []

 [7]
Underfull \vbox (badness 10000) has occurred while \output is active []

 [8]
Underfull \vbox (badness 10000) has occurred while \output is active []

 [9]
[10]
Underfull \vbox (badness 10000) has occurred while \output is active []

 [11

]
Underfull \vbox (badness 10000) has occurred while \output is active []

 [12]
Overfull \hbox (0.16638pt too wide) in paragraph at lines 168--168
\T1/Alegreya-OsF/m/n/10.95 (-20) pendisse male-suada ul-tri-ces ante. Pel-len-t
esque scelerisque
 []


Underfull \vbox (badness 10000) has occurred while \output is active []

 [13]
Overfull \hbox (2.37827pt too wide) in paragraph at lines 168--168
\T1/Alegreya-OsF/m/n/10.95 (-20) non, la-cus. Vestibu-lum po-suere pel-len-tesq
ue eros. Quisque
 []


Underfull \vbox (badness 10000) has occurred while \output is active []

 [14]
Underfull \vbox (badness 10000) has occurred while \output is active []

 [15]
Overfull \hbox (2.51292pt too wide) in paragraph at lines 168--168
[]\T1/Alegreya-OsF/m/n/10.95 (-20) Morbi nunc. Ali-quam con-sectetuer var-ius n
ulla. Phasel-
 []


Underfull \vbox (badness 10000) has occurred while \output is active []

 [16]
Underfull \vbox (badness 10000) has occurred while \output is active []

 [17]
[18]
Underfull \vbox (badness 10000) has occurred while \output is active []

 [19

]
Overfull \hbox (1.18495pt too wide) in paragraph at lines 170--170
\T1/Alegreya-OsF/m/n/10.95 (-20) quam mau-ris, cur-sus eget, con-va-l-lis ac, m
o-lestie non, enim.
 []


Overfull \hbox (0.71059pt too wide) in paragraph at lines 170--170
\T1/Alegreya-OsF/m/n/10.95 (-20) mo-lestie sem vi-tae urna. Mae-ce-nas lorem. V
i-va-mus viverra
 []


Underfull \vbox (badness 10000) has occurred while \output is active []

 [20]
Overfull \hbox (9.92072pt too wide) in paragraph at lines 170--170
\T1/Alegreya-OsF/m/n/10.95 (-20) abitur lobor-tis. Cur-abitur sol-lic-i-tudin h
en-drerit nunc. Donec
 []


Overfull \hbox (12.64981pt too wide) in paragraph at lines 170--170
\T1/Alegreya-OsF/m/n/10.95 (-20) torquent per conu-bia nos-tra, per in-cep-tos 
hy-menaeos. Phasel-
 []


Underfull \vbox (badness 10000) has occurred while \output is active []

 [21]
Underfull \vbox (badness 10000) has occurred while \output is active []

 [22]
Overfull \hbox (12.8352pt too wide) in paragraph at lines 170--170
[]\T1/Alegreya-OsF/m/n/10.95 (-20) Integer vel enim sed turpis adip-isc-ing bib
en-dum. Vestibu-
 []


Underfull \vbox (badness 10000) has occurred while \output is active []

 [23]
Overfull \hbox (7.01288pt too wide) in paragraph at lines 170--170
[]\T1/Alegreya-OsF/m/n/10.95 (-20) Vivamus adip-isc-ing. Cur-abitur im-perdiet 
tem-pus turpis.
 []


Underfull \vbox (badness 10000) has occurred while \output is active []

 [24]
Overfull \hbox (10.05164pt too wide) in paragraph at lines 170--170
\T1/Alegreya-OsF/m/n/10.95 (-20) fringilla, tor-tor sit amet male-suada mol-lis
, sapien mi dapibus
 []


Underfull \vbox (badness 10000) has occurred while \output is active []

 [25]
[26]
Underfull \vbox (badness 10000) has occurred while \output is active []

 [27

]
Overfull \hbox (0.44472pt too wide) in paragraph at lines 172--172
\T1/Alegreya-OsF/m/n/10.95 (-20) scelerisque a, dic-tum non, massa. Prae-sent e
rat fe-lis, porta
 []


Overfull \hbox (1.15959pt too wide) in paragraph at lines 172--172
\T1/Alegreya-OsF/m/n/10.95 (-20) sent plac-erat la-cus a enim. Vestibu-lum non 
eros. Ut congue.
 []


Underfull \vbox (badness 10000) has occurred while \output is active []

 [28]
Underfull \vbox (badness 10000) has occurred while \output is active []

 [29]
Underfull \vbox (badness 10000) has occurred while \output is active []

 [30]
Overfull \hbox (6.01985pt too wide) in paragraph at lines 172--172
\T1/Alegreya-OsF/m/n/10.95 (-20) lum tin-cidunt la-cus et ligula. Pel-len-tesqu
e vi-tae elit. Vestibu-
 []


Overfull \hbox (1.8113pt too wide) in paragraph at lines 172--172
\T1/Alegreya-OsF/m/n/10.95 (-20) ut, lec-tus. Fusce dig-nis-sim fa-cil-i-sis to
r-tor. Vi-va-mus gravida
 []


Underfull \vbox (badness 10000) has occurred while \output is active []

 [31]
Overfull \hbox (6.66019pt too wide) in paragraph at lines 172--172
\T1/Alegreya-OsF/m/n/10.95 (-20) pede magna, tris-tique nec, porta id, sol-lic-
i-tudin quis, sapien.
 []


Overfull \hbox (5.71538pt too wide) in paragraph at lines 172--172
\T1/Alegreya-OsF/m/n/10.95 (-20) cor-per po-suere. In-te-ger eu-is-mod, neque a
t eleifend fringilla,
 []


Underfull \vbox (badness 10000) has occurred while \output is active []

 [32]
Underfull \vbox (badness 10000) has occurred while \output is active []

 [33]
Overfull \hbox (0.5925pt too wide) in paragraph at lines 172--172
[]\T1/Alegreya-OsF/m/n/10.95 (-20) Suspendisse eu nunc. Ali-quam dig-nis-sim ur
na sit amet
 []


Overfull \hbox (6.05116pt too wide) in paragraph at lines 172--172
\T1/Alegreya-OsF/m/n/10.95 (-20) me-tus so-dales risus, vi-tae gravida sapien l
igula in est. Donec
 []


Underfull \vbox (badness 10000) has occurred while \output is active []

 [34]
Overfull \hbox (3.0175pt too wide) in paragraph at lines 172--172
[]\T1/Alegreya-OsF/m/n/10.95 (-20) Vivamus ve-hic-ula leo a justo. Quisque nec 
au-gue. Morbi
 []

[35] [36

]
Underfull \vbox (badness 10000) has occurred while \output is active []

 [37]
Overfull \hbox (4.81328pt too wide) in paragraph at lines 174--174
[]\T1/Alegreya-OsF/m/n/10.95 (-20) Curabitur ul-lam-cor-per est in mau-ris. Pra
e-sent ac massa.
 []


Underfull \vbox (badness 10000) has occurred while \output is active []

 [38]
Overfull \hbox (1.0376pt too wide) in paragraph at lines 174--174
\T1/Alegreya-OsF/m/n/10.95 (-20) eleifend laoreet, mi nulla com-modo wisi, vel 
fau-cibus ligula
 []


Overfull \hbox (4.12355pt too wide) in paragraph at lines 174--174
\T1/Alegreya-OsF/m/n/10.95 (-20) sol-lic-i-tudin libero, et com-modo tel-lus ma
ssa in neque. Nulla
 []


Underfull \vbox (badness 10000) has occurred while \output is active []

 [39]
Overfull \hbox (9.71095pt too wide) in paragraph at lines 174--174
[]\T1/Alegreya-OsF/m/n/10.95 (-20) Suspendisse feu-giat sapien laoreet ante. In
-te-ger fringilla,
 []


Underfull \vbox (badness 10000) has occurred while \output is active []

 [40]
Overfull \hbox (1.34177pt too wide) in paragraph at lines 174--174
\T1/Alegreya-OsF/m/n/10.95 (-20) cidunt, lorem at vestibu-lum pul-v-inar, fe-li
s pu-rus non-ummy
 []


Overfull \hbox (1.42676pt too wide) in paragraph at lines 174--174
\T1/Alegreya-OsF/m/n/10.95 (-20) urna, at ac-cum-san pu-rus dui nec leo. Prae-s
ent tor-tor turpis,
 []


Underfull \vbox (badness 10000) has occurred while \output is active []

 [41]
Underfull \vbox (badness 10000) has occurred while \output is active []

 [42]
Overfull \hbox (4.89366pt too wide) in paragraph at lines 174--174
[]\T1/Alegreya-OsF/m/n/10.95 (-20) Suspendisse ac diam sed dui adip-isc-ing pre
tium. Donec
 []


Underfull \vbox (badness 10000) has occurred while \output is active []

 [43]
[44]
\tf@toc=\write5
\openout5 = `Buch_template.toc'.

Package atveryend Info: Empty hook `BeforeClearDocument' on input line 178.
Package atveryend Info: Empty hook `AfterLastShipout' on input line 178.
 (Buch_template.aux)
Package atveryend Info: Executing hook `AtVeryEndDocument' on input line 178.
Package atveryend Info: Executing hook `AtEndAfterFileList' on input line 178.
Package rerunfilecheck Info: File `Buch_template.out' has not changed.
(rerunfilecheck)             Checksum: CDCB3619ED1B4543AE73178EF90E046D;289.
Package atveryend Info: Empty hook `AtVeryVeryEnd' on input line 178.
 ) 
Here is how much of TeX's memory you used:
 12052 strings out of 493333
 192176 string characters out of 3139178
 429727 words of memory out of 3000000
 15186 multiletter control sequences out of 15000+200000
 236756 words of font info for 157 fonts, out of 3000000 for 9000
 1141 hyphenation exceptions out of 8191
 58i,12n,54p,887b,363s stack positions out of 5000i,500n,10000p,200000b,50000s
{C:/Users/Chris Djih/AppData/Roaming/MiKTeX/2.9/fonts/enc/dvips/alegreya/algr
_p7kywn.enc}{C:/Users/Chris Djih/AppData/Roaming/MiKTeX/2.9/fonts/enc/dvips/ale
greya/algr_dte76s.enc} <C:\Users\Chris Djih\AppData\Local\MiKTeX\2.9\fonts\pk\l
jfour\jknappen\ec\dpi600\ecti0800.pk> <C:\Users\Chris Djih\AppData\Local\MiKTeX
\2.9\fonts\pk\ljfour\jknappen\ec\dpi600\ecti1095.pk>{C:/Users/Chris Djih/AppDat
a/Roaming/MiKTeX/2.9/fonts/enc/dvips/alegreya/algr_6mopzx.enc}{C:/Users/Chris D
jih/AppData/Roaming/MiKTeX/2.9/fonts/enc/dvips/alegreya/algr_u7nq5p.enc}{C:/Use
rs/Chris Djih/AppData/Roaming/MiKTeX/2.9/fonts/enc/dvips/alegreya/algr_hxyeky.e
nc}<C:/Users/Chris Djih/AppData/Roaming/MiKTeX/2.9/fonts/type1/huerta/alegreya/
Alegreya-Italic.pfb><C:/Users/Chris Djih/AppData/Roaming/MiKTeX/2.9/fonts/type1
/huerta/alegreya/Alegreya-Regular.pfb><C:/Users/Chris Djih/AppData/Roaming/MiKT
eX/2.9/fonts/type1/huerta/alegreya/AlegreyaSans-Regular.pfb>
Output written on Buch_template.pdf (58 pages, 339243 bytes).
PDF statistics:
 327 PDF objects out of 1000 (max. 8388607)
 61 named destinations out of 1000 (max. 500000)
 25137 words of extra memory for PDF output out of 29859 (max. 10000000)

